# JRE version: OpenJDK Runtime Environment Temurin-21.0.10+7 (21.0.10+7) (build 21.0.10+7-LTS)
# Java VM: OpenJDK 64-Bit Server VM Temurin-21.0.10+7 (21.0.10+7-LTS, mixed mode, sharing, tiered, compressed oops, compressed class ptrs, parallel gc, windows-amd64)
GC Precious Log:
 CardTable entry size: 512
 CPUs: 4 total, 4 available
 Memory: 7914M
 Large Page Support: Disabled
 NUMA Support: Disabled
 Compressed Oops: Enabled (32-bit)
 Alignments: Space 512K, Generation 512K, Heap 2M
 Heap Min Capacity: 100M
 Heap Initial Capacity: 100M
 Heap Max Capacity: 2G
 Pre-touch: Disabled
 Parallel Workers: 4
Heap:
 PSYoungGen      total 15872K, used 13776K [0x00000000d5580000, 0x00000000d6880000, 0x0000000100000000)
  eden space 14336K, 88% used [0x00000000d5580000,0x00000000d61f0210,0x00000000d6380000)
  from space 1536K, 67% used [0x00000000d6700000,0x00000000d6804050,0x00000000d6880000)
  to   space 2048K, 0% used [0x00000000d6480000,0x00000000d6480000,0x00000000d6680000)
 ParOldGen       total 479744K, used 157158K [0x0000000080000000, 0x000000009d480000, 0x00000000d5580000)
  object space 479744K, 32% used [0x0000000080000000,0x0000000089979b38,0x000000009d480000)
 Metaspace       used 88162K, committed 90688K, reserved 1179648K
  class space    used 8923K, committed 9920K, reserved 1048576K
GC Heap History (20 events):
Event: 4342.486 GC heap before
{Heap before GC invocations=1018 (full 5):
 PSYoungGen      total 8704K, used 8144K [0x00000000d5580000, 0x00000000d6500000, 0x0000000100000000)
  eden space 4096K, 91% used [0x00000000d5580000,0x00000000d5924178,0x00000000d5980000)
  from space 4608K, 95% used [0x00000000d5e80000,0x00000000d62d0000,0x00000000d6300000)
  to   space 5120K, 0% used [0x00000000d5980000,0x00000000d5980000,0x00000000d5e80000)
 ParOldGen       total 479744K, used 104806K [0x0000000080000000, 0x000000009d480000, 0x00000000d5580000)
  object space 479744K, 21% used [0x0000000080000000,0x0000000086659b68,0x000000009d480000)
 Metaspace       used 87976K, committed 90688K, reserved 1179648K
  class space    used 8903K, committed 9920K, reserved 1048576K
}
Event: 4342.499 GC heap after
{Heap after GC invocations=1018 (full 5):
 PSYoungGen      total 7680K, used 3096K [0x00000000d5580000, 0x00000000d6180000, 0x0000000100000000)
  eden space 4096K, 0% used [0x00000000d5580000,0x00000000d5580000,0x00000000d5980000)
  from space 3584K, 86% used [0x00000000d5980000,0x00000000d5c86000,0x00000000d5d00000)
  to   space 3584K, 0% used [0x00000000d5e00000,0x00000000d5e00000,0x00000000d6180000)
 ParOldGen       total 479744K, used 109158K [0x0000000080000000, 0x000000009d480000, 0x00000000d5580000)
  object space 479744K, 22% used [0x0000000080000000,0x0000000086a99b68,0x000000009d480000)
 Metaspace       used 87976K, committed 90688K, reserved 1179648K
  class space    used 8903K, committed 9920K, reserved 1048576K
}
Event: 4342.545 GC heap before
{Heap before GC invocations=1019 (full 5):
 PSYoungGen      total 7680K, used 7192K [0x00000000d5580000, 0x00000000d6180000, 0x0000000100000000)
  eden space 4096K, 100% used [0x00000000d5580000,0x00000000d5980000,0x00000000d5980000)
  from space 3584K, 86% used [0x00000000d5980000,0x00000000d5c86000,0x00000000d5d00000)
  to   space 3584K, 0% used [0x00000000d5e00000,0x00000000d5e00000,0x00000000d6180000)
 ParOldGen       total 479744K, used 109158K [0x0000000080000000, 0x000000009d480000, 0x00000000d5580000)
  object space 479744K, 22% used [0x0000000080000000,0x0000000086a99b68,0x000000009d480000)
 Metaspace       used 87994K, committed 90688K, reserved 1179648K
  class space    used 8906K, committed 9920K, reserved 1048576K
}
Event: 4342.555 GC heap after
{Heap after GC invocations=1019 (full 5):
 PSYoungGen      total 7680K, used 2118K [0x00000000d5580000, 0x00000000d6080000, 0x0000000100000000)
  eden space 5120K, 0% used [0x00000000d5580000,0x00000000d5580000,0x00000000d5a80000)
  from space 2560K, 82% used [0x00000000d5e00000,0x00000000d6011bd0,0x00000000d6080000)
  to   space 3072K, 0% used [0x00000000d5a80000,0x00000000d5a80000,0x00000000d5d80000)
 ParOldGen       total 479744K, used 111710K [0x0000000080000000, 0x000000009d480000, 0x00000000d5580000)
  object space 479744K, 23% used [0x0000000080000000,0x0000000086d17b68,0x000000009d480000)
 Metaspace       used 87994K, committed 90688K, reserved 1179648K
  class space    used 8906K, committed 9920K, reserved 1048576K
}
Event: 4342.588 GC heap before
{Heap before GC invocations=1020 (full 5):
 PSYoungGen      total 7680K, used 7238K [0x00000000d5580000, 0x00000000d6080000, 0x0000000100000000)
  eden space 5120K, 100% used [0x00000000d5580000,0x00000000d5a80000,0x00000000d5a80000)
  from space 2560K, 82% used [0x00000000d5e00000,0x00000000d6011bd0,0x00000000d6080000)
  to   space 3072K, 0% used [0x00000000d5a80000,0x00000000d5a80000,0x00000000d5d80000)
 ParOldGen       total 479744K, used 119390K [0x0000000080000000, 0x000000009d480000, 0x00000000d5580000)
  object space 479744K, 24% used [0x0000000080000000,0x0000000087497b78,0x000000009d480000)
 Metaspace       used 87994K, committed 90688K, reserved 1179648K
  class space    used 8906K, committed 9920K, reserved 1048576K
}
Event: 4342.594 GC heap after
{Heap after GC invocations=1020 (full 5):
 PSYoungGen      total 8192K, used 3065K [0x00000000d5580000, 0x00000000d6980000, 0x0000000100000000)
  eden space 5120K, 0% used [0x00000000d5580000,0x00000000d5580000,0x00000000d5a80000)
  from space 3072K, 99% used [0x00000000d5a80000,0x00000000d5d7e730,0x00000000d5d80000)
  to   space 7168K, 0% used [0x00000000d6280000,0x00000000d6280000,0x00000000d6980000)
 ParOldGen       total 479744K, used 122632K [0x0000000080000000, 0x000000009d480000, 0x00000000d5580000)
  object space 479744K, 25% used [0x0000000080000000,0x00000000877c2120,0x000000009d480000)
 Metaspace       used 87994K, committed 90688K, reserved 1179648K
  class space    used 8906K, committed 9920K, reserved 1048576K
}
Event: 4342.705 GC heap before
{Heap before GC invocations=1021 (full 5):
 PSYoungGen      total 8192K, used 8185K [0x00000000d5580000, 0x00000000d6980000, 0x0000000100000000)
  eden space 5120K, 100% used [0x00000000d5580000,0x00000000d5a80000,0x00000000d5a80000)
  from space 3072K, 99% used [0x00000000d5a80000,0x00000000d5d7e730,0x00000000d5d80000)
  to   space 7168K, 0% used [0x00000000d6280000,0x00000000d6280000,0x00000000d6980000)
 ParOldGen       total 479744K, used 145672K [0x0000000080000000, 0x000000009d480000, 0x00000000d5580000)
  object space 479744K, 30% used [0x0000000080000000,0x0000000088e42140,0x000000009d480000)
 Metaspace       used 87994K, committed 90688K, reserved 1179648K
  class space    used 8906K, committed 9920K, reserved 1048576K
}
Event: 4342.748 GC heap after
{Heap after GC invocations=1021 (full 5):
 PSYoungGen      total 9216K, used 3055K [0x00000000d5580000, 0x00000000d6580000, 0x0000000100000000)
  eden space 6144K, 0% used [0x00000000d5580000,0x00000000d5580000,0x00000000d5b80000)
  from space 3072K, 99% used [0x00000000d6280000,0x00000000d657bd78,0x00000000d6580000)
  to   space 4608K, 0% used [0x00000000d5c80000,0x00000000d5c80000,0x00000000d6100000)
 ParOldGen       total 479744K, used 148714K [0x0000000080000000, 0x000000009d480000, 0x00000000d5580000)
  object space 479744K, 30% used [0x0000000080000000,0x000000008913ab48,0x000000009d480000)
 Metaspace       used 87994K, committed 90688K, reserved 1179648K
  class space    used 8906K, committed 9920K, reserved 1048576K
}
Event: 4342.767 GC heap before
{Heap before GC invocations=1022 (full 5):
 PSYoungGen      total 9216K, used 9199K [0x00000000d5580000, 0x00000000d6580000, 0x0000000100000000)
  eden space 6144K, 100% used [0x00000000d5580000,0x00000000d5b80000,0x00000000d5b80000)
  from space 3072K, 99% used [0x00000000d6280000,0x00000000d657bd78,0x00000000d6580000)
  to   space 4608K, 0% used [0x00000000d5c80000,0x00000000d5c80000,0x00000000d6100000)
 ParOldGen       total 479744K, used 148714K [0x0000000080000000, 0x000000009d480000, 0x00000000d5580000)
  object space 479744K, 30% used [0x0000000080000000,0x000000008913ab48,0x000000009d480000)
 Metaspace       used 88001K, committed 90688K, reserved 1179648K
  class space    used 8906K, committed 9920K, reserved 1048576K
}
Event: 4342.810 GC heap after
{Heap after GC invocations=1022 (full 5):
 PSYoungGen      total 11776K, used 512K [0x00000000d5580000, 0x00000000d6300000, 0x0000000100000000)
  eden space 7168K, 0% used [0x00000000d5580000,0x00000000d5580000,0x00000000d5c80000)
  from space 4608K, 11% used [0x00000000d5c80000,0x00000000d5d00040,0x00000000d6100000)
  to   space 2048K, 0% used [0x00000000d6100000,0x00000000d6100000,0x00000000d6300000)
 ParOldGen       total 479744K, used 151678K [0x0000000080000000, 0x000000009d480000, 0x00000000d5580000)
  object space 479744K, 31% used [0x0000000080000000,0x000000008941f9a8,0x000000009d480000)
 Metaspace       used 88001K, committed 90688K, reserved 1179648K
  class space    used 8906K, committed 9920K, reserved 1048576K
}
Event: 4342.824 GC heap before
{Heap before GC invocations=1023 (full 5):
 PSYoungGen      total 11776K, used 7680K [0x00000000d5580000, 0x00000000d6300000, 0x0000000100000000)
  eden space 7168K, 100% used [0x00000000d5580000,0x00000000d5c80000,0x00000000d5c80000)
  from space 4608K, 11% used [0x00000000d5c80000,0x00000000d5d00040,0x00000000d6100000)
  to   space 2048K, 0% used [0x00000000d6100000,0x00000000d6100000,0x00000000d6300000)
 ParOldGen       total 479744K, used 151678K [0x0000000080000000, 0x000000009d480000, 0x00000000d5580000)
  object space 479744K, 31% used [0x0000000080000000,0x000000008941f9a8,0x000000009d480000)
 Metaspace       used 88003K, committed 90688K, reserved 1179648K
  class space    used 8906K, committed 9920K, reserved 1048576K
}
Event: 4342.835 GC heap after
{Heap after GC invocations=1023 (full 5):
 PSYoungGen      total 9728K, used 640K [0x00000000d5580000, 0x00000000d6200000, 0x0000000100000000)
  eden space 8704K, 0% used [0x00000000d5580000,0x00000000d5580000,0x00000000d5e00000)
  from space 1024K, 62% used [0x00000000d6100000,0x00000000d61a0020,0x00000000d6200000)
  to   space 1024K, 0% used [0x00000000d6000000,0x00000000d6000000,0x00000000d6100000)
 ParOldGen       total 479744K, used 152126K [0x0000000080000000, 0x000000009d480000, 0x00000000d5580000)
  object space 479744K, 31% used [0x0000000080000000,0x000000008948f9e8,0x000000009d480000)
 Metaspace       used 88003K, committed 90688K, reserved 1179648K
  class space    used 8906K, committed 9920K, reserved 1048576K
}
Event: 4343.390 GC heap before
{Heap before GC invocations=1024 (full 5):
 PSYoungGen      total 9728K, used 9344K [0x00000000d5580000, 0x00000000d6200000, 0x0000000100000000)
  eden space 8704K, 100% used [0x00000000d5580000,0x00000000d5e00000,0x00000000d5e00000)
  from space 1024K, 62% used [0x00000000d6100000,0x00000000d61a0020,0x00000000d6200000)
  to   space 1024K, 0% used [0x00000000d6000000,0x00000000d6000000,0x00000000d6100000)
 ParOldGen       total 479744K, used 152126K [0x0000000080000000, 0x000000009d480000, 0x00000000d5580000)
  object space 479744K, 31% used [0x0000000080000000,0x000000008948f9e8,0x000000009d480000)
 Metaspace       used 88020K, committed 90688K, reserved 1179648K
  class space    used 8906K, committed 9920K, reserved 1048576K
}
Event: 4343.394 GC heap after
{Heap after GC invocations=1024 (full 5):
 PSYoungGen      total 11776K, used 1008K [0x00000000d5580000, 0x00000000d6500000, 0x0000000100000000)
  eden space 10752K, 0% used [0x00000000d5580000,0x00000000d5580000,0x00000000d6000000)
  from space 1024K, 98% used [0x00000000d6000000,0x00000000d60fc010,0x00000000d6100000)
  to   space 2560K, 0% used [0x00000000d6280000,0x00000000d6280000,0x00000000d6500000)
 ParOldGen       total 479744K, used 153003K [0x0000000080000000, 0x000000009d480000, 0x00000000d5580000)
  object space 479744K, 31% used [0x0000000080000000,0x000000008956ac38,0x000000009d480000)
 Metaspace       used 88020K, committed 90688K, reserved 1179648K
  class space    used 8906K, committed 9920K, reserved 1048576K
}
Event: 4343.409 GC heap before
{Heap before GC invocations=1025 (full 5):
 PSYoungGen      total 11776K, used 11760K [0x00000000d5580000, 0x00000000d6500000, 0x0000000100000000)
  eden space 10752K, 100% used [0x00000000d5580000,0x00000000d6000000,0x00000000d6000000)
  from space 1024K, 98% used [0x00000000d6000000,0x00000000d60fc010,0x00000000d6100000)
  to   space 2560K, 0% used [0x00000000d6280000,0x00000000d6280000,0x00000000d6500000)
 ParOldGen       total 479744K, used 153003K [0x0000000080000000, 0x000000009d480000, 0x00000000d5580000)
  object space 479744K, 31% used [0x0000000080000000,0x000000008956ac38,0x000000009d480000)
 Metaspace       used 88020K, committed 90688K, reserved 1179648K
  class space    used 8906K, committed 9920K, reserved 1048576K
}
Event: 4343.415 GC heap after
{Heap after GC invocations=1025 (full 5):
 PSYoungGen      total 14336K, used 1160K [0x00000000d5580000, 0x00000000d6580000, 0x0000000100000000)
  eden space 11776K, 0% used [0x00000000d5580000,0x00000000d5580000,0x00000000d6100000)
  from space 2560K, 45% used [0x00000000d6280000,0x00000000d63a2340,0x00000000d6500000)
  to   space 1536K, 0% used [0x00000000d6100000,0x00000000d6100000,0x00000000d6280000)
 ParOldGen       total 479744K, used 154043K [0x0000000080000000, 0x000000009d480000, 0x00000000d5580000)
  object space 479744K, 32% used [0x0000000080000000,0x000000008966ee70,0x000000009d480000)
 Metaspace       used 88020K, committed 90688K, reserved 1179648K
  class space    used 8906K, committed 9920K, reserved 1048576K
}
Event: 4343.449 GC heap before
{Heap before GC invocations=1026 (full 5):
 PSYoungGen      total 14336K, used 12936K [0x00000000d5580000, 0x00000000d6580000, 0x0000000100000000)
  eden space 11776K, 100% used [0x00000000d5580000,0x00000000d6100000,0x00000000d6100000)
  from space 2560K, 45% used [0x00000000d6280000,0x00000000d63a2340,0x00000000d6500000)
  to   space 1536K, 0% used [0x00000000d6100000,0x00000000d6100000,0x00000000d6280000)
 ParOldGen       total 479744K, used 154043K [0x0000000080000000, 0x000000009d480000, 0x00000000d5580000)
  object space 479744K, 32% used [0x0000000080000000,0x000000008966ee70,0x000000009d480000)
 Metaspace       used 88030K, committed 90688K, reserved 1179648K
  class space    used 8906K, committed 9920K, reserved 1048576K
}
Event: 4343.457 GC heap after
{Heap after GC invocations=1026 (full 5):
 PSYoungGen      total 13312K, used 1530K [0x00000000d5580000, 0x00000000d6a80000, 0x0000000100000000)
  eden space 11776K, 0% used [0x00000000d5580000,0x00000000d5580000,0x00000000d6100000)
  from space 1536K, 99% used [0x00000000d6100000,0x00000000d627e920,0x00000000d6280000)
  to   space 3584K, 0% used [0x00000000d6700000,0x00000000d6700000,0x00000000d6a80000)
 ParOldGen       total 479744K, used 155634K [0x0000000080000000, 0x000000009d480000, 0x00000000d5580000)
  object space 479744K, 32% used [0x0000000080000000,0x00000000897fc940,0x000000009d480000)
 Metaspace       used 88030K, committed 90688K, reserved 1179648K
  class space    used 8906K, committed 9920K, reserved 1048576K
}
Event: 4343.472 GC heap before
{Heap before GC invocations=1027 (full 5):
 PSYoungGen      total 13312K, used 13306K [0x00000000d5580000, 0x00000000d6a80000, 0x0000000100000000)
  eden space 11776K, 100% used [0x00000000d5580000,0x00000000d6100000,0x00000000d6100000)
  from space 1536K, 99% used [0x00000000d6100000,0x00000000d627e920,0x00000000d6280000)
  to   space 3584K, 0% used [0x00000000d6700000,0x00000000d6700000,0x00000000d6a80000)
 ParOldGen       total 479744K, used 155634K [0x0000000080000000, 0x000000009d480000, 0x00000000d5580000)
  object space 479744K, 32% used [0x0000000080000000,0x00000000897fc940,0x000000009d480000)
 Metaspace       used 88046K, committed 90688K, reserved 1179648K
  class space    used 8906K, committed 9920K, reserved 1048576K
}
Event: 4343.484 GC heap after
{Heap after GC invocations=1027 (full 5):
 PSYoungGen      total 15872K, used 1040K [0x00000000d5580000, 0x00000000d6880000, 0x0000000100000000)
  eden space 14336K, 0% used [0x00000000d5580000,0x00000000d5580000,0x00000000d6380000)
  from space 1536K, 67% used [0x00000000d6700000,0x00000000d6804050,0x00000000d6880000)
  to   space 2048K, 0% used [0x00000000d6480000,0x00000000d6480000,0x00000000d6680000)
 ParOldGen       total 479744K, used 157158K [0x0000000080000000, 0x000000009d480000, 0x00000000d5580000)
  object space 479744K, 32% used [0x0000000080000000,0x0000000089979b38,0x000000009d480000)
 Metaspace       used 88046K, committed 90688K, reserved 1179648K
  class space    used 8906K, committed 9920K, reserved 1048576K
}

